  main.c
C:\Users\panga\Documents\GitHub\weather-station-gui\raylib-game-template-main\src\main.c(113,24): warning C4244: 'function': conversion from 'float' to 'int', possible loss of data
C:\Users\panga\Documents\GitHub\weather-station-gui\raylib-game-template-main\src\main.c(113,36): warning C4244: 'function': conversion from 'float' to 'int', possible loss of data
C:\Users\panga\Documents\GitHub\weather-station-gui\raylib-game-template-main\src\main.c(114,24): warning C4244: 'function': conversion from 'float' to 'int', possible loss of data
C:\Users\panga\Documents\GitHub\weather-station-gui\raylib-game-template-main\src\main.c(114,36): warning C4244: 'function': conversion from 'float' to 'int', possible loss of data
C:\Users\panga\Documents\GitHub\weather-station-gui\raylib-game-template-main\src\main.c(116,24): warning C4244: 'function': conversion from 'float' to 'int', possible loss of data
C:\Users\panga\Documents\GitHub\weather-station-gui\raylib-game-template-main\src\main.c(116,36): warning C4244: 'function': conversion from 'float' to 'int', possible loss of data
C:\Users\panga\Documents\GitHub\weather-station-gui\raylib-game-template-main\src\main.c(117,29): warning C4244: 'function': conversion from 'float' to 'int', possible loss of data
C:\Users\panga\Documents\GitHub\weather-station-gui\raylib-game-template-main\src\main.c(117,54): warning C4244: 'function': conversion from 'float' to 'int', possible loss of data
C:\Users\panga\Documents\GitHub\weather-station-gui\raylib-game-template-main\src\main.c(118,39): warning C4244: 'function': conversion from 'float' to 'int', possible loss of data
C:\Users\panga\Documents\GitHub\weather-station-gui\raylib-game-template-main\src\main.c(118,56): warning C4244: 'function': conversion from 'float' to 'int', possible loss of data
C:\Users\panga\Documents\GitHub\weather-station-gui\raylib-game-template-main\src\main.c(119,30): warning C4244: 'function': conversion from 'float' to 'int', possible loss of data
C:\Users\panga\Documents\GitHub\weather-station-gui\raylib-game-template-main\src\main.c(119,56): warning C4244: 'function': conversion from 'float' to 'int', possible loss of data
C:\Users\panga\Documents\GitHub\weather-station-gui\raylib-game-template-main\src\main.c(120,39): warning C4244: 'function': conversion from 'float' to 'int', possible loss of data
C:\Users\panga\Documents\GitHub\weather-station-gui\raylib-game-template-main\src\main.c(120,56): warning C4244: 'function': conversion from 'float' to 'int', possible loss of data
C:\Users\panga\Documents\GitHub\weather-station-gui\raylib-game-template-main\src\main.c(163,30): warning C4244: 'function': conversion from 'float' to 'int', possible loss of data
C:\Users\panga\Documents\GitHub\weather-station-gui\raylib-game-template-main\src\main.c(163,44): warning C4244: 'function': conversion from 'float' to 'int', possible loss of data
C:\Users\panga\Documents\GitHub\weather-station-gui\raylib-game-template-main\src\main.c(173,43): warning C4244: 'function': conversion from 'float' to 'int', possible loss of data
C:\Users\panga\Documents\GitHub\weather-station-gui\raylib-game-template-main\src\main.c(173,46): warning C4244: 'function': conversion from 'float' to 'int', possible loss of data
C:\Users\panga\Documents\GitHub\weather-station-gui\raylib-game-template-main\src\main.c(173,49): warning C4244: 'function': conversion from 'float' to 'int', possible loss of data
C:\Users\panga\Documents\GitHub\weather-station-gui\raylib-game-template-main\src\main.c(181,52): warning C4244: 'function': conversion from 'float' to 'int', possible loss of data
C:\Users\panga\Documents\GitHub\weather-station-gui\raylib-game-template-main\src\main.c(181,55): warning C4244: 'function': conversion from 'float' to 'int', possible loss of data
C:\Users\panga\Documents\GitHub\weather-station-gui\raylib-game-template-main\src\main.c(181,58): warning C4244: 'function': conversion from 'float' to 'int', possible loss of data
C:\Users\panga\Documents\GitHub\weather-station-gui\raylib-game-template-main\src\main.c(187,41): warning C4244: 'function': conversion from 'float' to 'int', possible loss of data
C:\Users\panga\Documents\GitHub\weather-station-gui\raylib-game-template-main\src\main.c(187,54): warning C4244: 'function': conversion from 'float' to 'int', possible loss of data
C:\Users\panga\Documents\GitHub\weather-station-gui\raylib-game-template-main\src\main.c(187,67): warning C4244: 'function': conversion from 'float' to 'int', possible loss of data
C:\Users\panga\Documents\GitHub\weather-station-gui\raylib-game-template-main\src\main.c(187,84): warning C4244: 'function': conversion from 'float' to 'int', possible loss of data
C:\Users\panga\Documents\GitHub\weather-station-gui\raylib-game-template-main\src\main.c(189,34): warning C4244: 'function': conversion from 'float' to 'int', possible loss of data
C:\Users\panga\Documents\GitHub\weather-station-gui\raylib-game-template-main\src\main.c(189,69): warning C4244: 'function': conversion from 'float' to 'int', possible loss of data
C:\Users\panga\Documents\GitHub\weather-station-gui\raylib-game-template-main\src\main.c(189,101): warning C4244: 'function': conversion from 'float' to 'int', possible loss of data
C:\Users\panga\Documents\GitHub\weather-station-gui\raylib-game-template-main\src\main.c(189,137): warning C4244: 'function': conversion from 'float' to 'int', possible loss of data
C:\Users\panga\Documents\GitHub\weather-station-gui\raylib-game-template-main\src\main.c(153,49): warning C4244: 'initializing': conversion from 'double' to 'float', possible loss of data
  LINK : C:\Users\panga\Documents\GitHub\weather-station-gui\raylib-game-template-main\projects\VS2022\\build\raylib_game\bin\x64\Debug\raylib_game.exe not found or not built by the last incremental link; performing full link
  raylib_game.vcxproj -> C:\Users\panga\Documents\GitHub\weather-station-gui\raylib-game-template-main\projects\VS2022\build\raylib_game\bin\x64\Debug\raylib_game.exe
